C:\Users\yuzu0\Desktop\HAL\SP31\SP31_ShaderPrac\shader\bumpPS.hlsl(19,11-60): warning X3206: implicit truncation of vector type
  
  compilation object save succeeded; see C:\Users\yuzu0\Desktop\HAL\SP31\SP31_ShaderPrac\bumpPS.cso
  compilation object save succeeded; see C:\Users\yuzu0\Desktop\HAL\SP31\SP31_ShaderPrac\bumpVS.cso
  compilation object save succeeded; see C:\Users\yuzu0\Desktop\HAL\SP31\SP31_ShaderPrac\CookTorrancePS.cso
  compilation object save succeeded; see C:\Users\yuzu0\Desktop\HAL\SP31\SP31_ShaderPrac\CookTorranceVS.cso
C:\Users\yuzu0\Desktop\HAL\SP31\SP31_ShaderPrac\shader\disneyPBRPS.hlsl(24,12-34): warning X3206: implicit truncation of vector type
C:\Users\yuzu0\Desktop\HAL\SP31\SP31_ShaderPrac\shader\disneyPBRPS.hlsl(43,16-53): warning X3206: implicit truncation of vector type
C:\Users\yuzu0\Desktop\HAL\SP31\SP31_ShaderPrac\shader\disneyPBRPS.hlsl(57,16): warning X3206: implicit truncation of vector type
  
  compilation object save succeeded; see C:\Users\yuzu0\Desktop\HAL\SP31\SP31_ShaderPrac\disneyPBRPS.cso
  compilation object save succeeded; see C:\Users\yuzu0\Desktop\HAL\SP31\SP31_ShaderPrac\disneyPBRVS.cso
C:\Users\yuzu0\Desktop\HAL\SP31\SP31_ShaderPrac\shader\hemisphereLightingPS.hlsl(32,12-68): warning X3206: implicit truncation of vector type
  
  compilation object save succeeded; see C:\Users\yuzu0\Desktop\HAL\SP31\SP31_ShaderPrac\hemisphereLightingPS.cso
  compilation object save succeeded; see C:\Users\yuzu0\Desktop\HAL\SP31\SP31_ShaderPrac\hemisphereLightingVS.cso
  compilation object save succeeded; see C:\Users\yuzu0\Desktop\HAL\SP31\SP31_ShaderPrac\limLightingPS.cso
  compilation object save succeeded; see C:\Users\yuzu0\Desktop\HAL\SP31\SP31_ShaderPrac\limLightingVS.cso
  compilation object save succeeded; see C:\Users\yuzu0\Desktop\HAL\SP31\SP31_ShaderPrac\pixelLightingBlinnPhongPS.cso
  compilation object save succeeded; see C:\Users\yuzu0\Desktop\HAL\SP31\SP31_ShaderPrac\pixelLightingBlinnPhongVS.cso
  compilation object save succeeded; see C:\Users\yuzu0\Desktop\HAL\SP31\SP31_ShaderPrac\pixelLightingPS.cso
  compilation object save succeeded; see C:\Users\yuzu0\Desktop\HAL\SP31\SP31_ShaderPrac\pixelLightingVS.cso
C:\Users\yuzu0\Desktop\HAL\SP31\SP31_ShaderPrac\shader\pointLightBlinnPhongPS.hlsl(17,11-60): warning X3206: implicit truncation of vector type
  
  compilation object save succeeded; see C:\Users\yuzu0\Desktop\HAL\SP31\SP31_ShaderPrac\pointLightBlinnPhongPS.cso
  compilation object save succeeded; see C:\Users\yuzu0\Desktop\HAL\SP31\SP31_ShaderPrac\pointLightBlinnPhongVS.cso
C:\Users\yuzu0\Desktop\HAL\SP31\SP31_ShaderPrac\shader\spotLightingPS.hlsl(16,11-60): warning X3206: implicit truncation of vector type
  
  compilation object save succeeded; see C:\Users\yuzu0\Desktop\HAL\SP31\SP31_ShaderPrac\spotLightingPS.cso
  compilation object save succeeded; see C:\Users\yuzu0\Desktop\HAL\SP31\SP31_ShaderPrac\spotLightingVS.cso
  compilation object save succeeded; see C:\Users\yuzu0\Desktop\HAL\SP31\SP31_ShaderPrac\unlitColorPS.cso
C:\Users\yuzu0\Desktop\HAL\SP31\SP31_ShaderPrac\shader\unlitColorVS.hlsl(3,34-36): warning X3578: Output value 'Out' is not completely initialized
  
  compilation object save succeeded; see C:\Users\yuzu0\Desktop\HAL\SP31\SP31_ShaderPrac\unlitColorVS.cso
  compilation object save succeeded; see C:\Users\yuzu0\Desktop\HAL\SP31\SP31_ShaderPrac\unlitTexturePS.cso
C:\Users\yuzu0\Desktop\HAL\SP31\SP31_ShaderPrac\shader\unlitTextureVS.hlsl(3,34-36): warning X3578: Output value 'Out' is not completely initialized
  
  compilation object save succeeded; see C:\Users\yuzu0\Desktop\HAL\SP31\SP31_ShaderPrac\unlitTextureVS.cso
  compilation object save succeeded; see C:\Users\yuzu0\Desktop\HAL\SP31\SP31_ShaderPrac\vertexDirectionalLightingPS.cso
C:\Users\yuzu0\Desktop\HAL\SP31\SP31_ShaderPrac\shader\vertexDirectionalLightingVS.hlsl(3,33-35): warning X3578: Output value 'Out' is not completely initialized
  
  compilation object save succeeded; see C:\Users\yuzu0\Desktop\HAL\SP31\SP31_ShaderPrac\vertexDirectionalLightingVS.cso
  SP31Project.vcxproj -> C:\Users\yuzu0\Desktop\HAL\SP31\SP31_ShaderPrac\x64\Debug\SP31Project.exe
